Information: Updating design information... (UID-85)
 
****************************************
Report : constraint
        -all_violators
        -verbose
Design : ADDER
Version: Q-2019.12-SP5-5
Date   : Tue Jun 28 15:58:57 2022
****************************************


    Net: c[0]

    Capacitance        0.0000000000
  - min_capacitance    0.0000500000
  ------------------------------
    Slack              -0.0000500000  (VIOLATED)


    Design: ADDER

    max_area           0.0000000000
  - Current Area       2.8420000076
  ------------------------------
    Slack              -2.8420000076  (VIOLATED)


    Design: ADDER

    max_leakage_power      0.0000000000
  - Current Leakage Power  0.1001317874
  ----------------------------------
    Slack                  -0.1001317874  (VIOLATED)


1
