
                           Design Compiler Graphical 
                                 DC Ultra (TM)
                                  DFTMAX (TM)
                              Power Compiler (TM)
                                 DesignWare (R)
                                 DC Expert (TM)
                               Design Vision (TM)
                               HDL Compiler (TM)
                               VHDL Compiler (TM)
                                  DFT Compiler
                               Design Compiler(R)

              Version Q-2019.12-SP5-5 for linux64 - Mar 21, 2021 

                    Copyright (c) 1988 - 2021 Synopsys, Inc.
   This software and the associated documentation are proprietary to Synopsys,
 Inc. This software may only be used in accordance with the terms and conditions
 of a written license agreement with Synopsys, Inc. All other use, reproduction,
            or distribution of this software is strictly prohibited.
Initializing...
if { [catch {



# ---------------------------------------
# DESIGN PROFILE
# ---------------------------------------
set topmodule_name      ADDER
set clk_port_name       clk
set clk_freq            1200
# ---------------------------------------
# Read Libraries
# ---------------------------------------
set LIBLIST_PATH        $env(LIBLIST_PATH)
source $LIBLIST_PATH

# ---------------------------------------
# Read Source Codes
# ---------------------------------------
set RTL_PATH            $env(RTL_PATH)
read_file $RTL_PATH -autoread -recursive -format sverilog -top $topmodule_name

# ---------------------------------------
# 1. Environments Setting
# ---------------------------------------
link
uniquify

# ---------------------------------------
# 2. Constraints Setting
# ---------------------------------------
# Clock
# Reduce clock period to model wire delay (60% of original period)
set delay_percentage 0.6
set clk_period [expr 1000 / double($clk_freq)]
set clk_period [expr $clk_period * $delay_percentage]

if {[sizeof_collection [get_ports $clk_port_name]] > 0} {
  # Create real clock if clock port is found
  set clk_name $clk_port_name
  create_clock -period $clk_period -name $clk_name $clk_name
  # If real clock, set infinite drive strength
  set_drive 0 $clk_name
} elseif {[sizeof_collection [get_ports $clk_port_name]] == 0} {
  # Create virtual clock if clock port is not found
  set clk_name vclk
  create_clock -period $clk_period -name $clk_name $clk_name
}

# Apply default timing constraints for modules
set_input_delay  0.0 [all_inputs] -clock $clk_name
set_output_delay 0.0 [all_outputs] -clock $clk_name

# Transition time of a slope that drives the port,
# such that a higher transition value means longer delays
# This prevents the hold time violations that we don't have to care about
set_input_transition 0.1 [all_inputs]

# Area
# If max_area is set 0, DesignCompiler will minimize the design as small as possible
set_max_area 0 

# ---------------------------------------
# 3. Compilation
# ---------------------------------------
compile_ultra

# ---------------------------------------
# 4. Design Reports
# ---------------------------------------
check_design  > $topmodule_name.check_design.rpt

report_constraint -all_violators -verbose -sig 10 > $topmodule_name.all_viol.rpt

report_design > $topmodule_name.design.rpt
report_area -physical -hierarchy > $topmodule_name.area.rpt
report_cell > $topmodule_name.cell.rpt
report_qor > $topmodule_name.qor.rpt
report_reference > $topmodule_name.reference.rpt
report_resources > $topmodule_name.resources.rpt
report_hierarchy -full > $topmodule_name.hierarchy.rpt
report_timing -nworst 10 -max_paths 10 > $topmodule_name.timing.rpt
report_power -analysis_effort high > $topmodule_name.power.rpt
report_threshold_voltage_group > $topmodule_name.vth.rpt

# Dump out the constraints in an SDC file
write_sdc $topmodule_name.constraints.sdc

# Dump out the synthesized database and gate-level-netlist
write -hierarchy -format ddc -output      $topmodule_name.ddc
write -hierarchy -format verilog -output  $topmodule_name.netlist.v

exit



} err] } { exit 1 }
== READ_FILE autoread for top design 'ADDER' ==

Starting READ_FILE autoread mode...
Information: Adding '/home/lhm7198/synth/rtl/'.  (AUTOREAD-100)
Warning: Adding missing directory to search_path - '/home/lhm7198/synth/rtl/'. (AUTOREAD-105)
Information: Adding '/home/lhm7198/synth/rtl/adder.sv'.  (AUTOREAD-100)
Information: Source filelist.f ignored by autoread due to filtering.  (AUTOREAD-102)
Information: Scanning file { adder.sv }. (AUTOREAD-303)
Compiling source file /home/lhm7198/synth/rtl/adder.sv
Presto compilation completed successfully.
Elaborating top design ADDER
Loading db file '/media/0/LogicLibraries/UMC/28nm/35uhd/udl/hvt/latest/liberty/logic_synth/um28nchhlogl35udl140f_ffbc1p05v0c.db'
Loading db file '/media/0/LogicLibraries/UMC/28nm/35uhd/udl/hvt/latest/liberty/logic_synth/um28nchhlogl35udl140f_ffbc1p05v125c.db'
Loading db file '/media/0/LogicLibraries/UMC/28nm/35uhd/udl/hvt/latest/liberty/logic_synth/um28nchhlogl35udl140f_ffbc1p05vn40c.db'
Loading db file '/media/0/LogicLibraries/UMC/28nm/35uhd/udl/hvt/latest/liberty/logic_synth/um28nchhlogl35udl140f_ffg1p05v125c.db'
Loading db file '/media/0/LogicLibraries/UMC/28nm/35uhd/udl/lvt/latest/liberty/logic_synth/um28nchllogl35udl140f_ffbc1p05v0c.db'
Loading db file '/media/0/LogicLibraries/UMC/28nm/35uhd/udl/lvt/latest/liberty/logic_synth/um28nchllogl35udl140f_ffbc1p05v125c.db'
Loading db file '/media/0/LogicLibraries/UMC/28nm/35uhd/udl/lvt/latest/liberty/logic_synth/um28nchllogl35udl140f_ffbc1p05vn40c.db'
Loading db file '/media/0/LogicLibraries/UMC/28nm/35uhd/udl/lvt/latest/liberty/logic_synth/um28nchllogl35udl140f_ffg1p05v125c.db'
Loading db file '/media/0/LogicLibraries/UMC/28nm/35uhd/udl/svt/latest/liberty/logic_synth/um28nchslogl35udl140f_ffbc1p05v0c.db'
Loading db file '/media/0/LogicLibraries/UMC/28nm/35uhd/udl/svt/latest/liberty/logic_synth/um28nchslogl35udl140f_ffbc1p05v125c.db'
Loading db file '/media/0/LogicLibraries/UMC/28nm/35uhd/udl/svt/latest/liberty/logic_synth/um28nchslogl35udl140f_ffbc1p05vn40c.db'
Loading db file '/media/0/LogicLibraries/UMC/28nm/35uhd/udl/svt/latest/liberty/logic_synth/um28nchslogl35udl140f_ffg1p05v125c.db'
Loading db file '/media/0/LogicLibraries/UMC/28nm/35uhd/udl/uhvt/latest/liberty/logic_synth/um28nchulogl35udl140f_ffbc1p05v0c.db'
Loading db file '/media/0/LogicLibraries/UMC/28nm/35uhd/udl/uhvt/latest/liberty/logic_synth/um28nchulogl35udl140f_ffbc1p05v125c.db'
Loading db file '/media/0/LogicLibraries/UMC/28nm/35uhd/udl/uhvt/latest/liberty/logic_synth/um28nchulogl35udl140f_ffbc1p05vn40c.db'
Loading db file '/media/0/LogicLibraries/UMC/28nm/35uhd/udl/uhvt/latest/liberty/logic_synth/um28nchulogl35udl140f_ffg1p05v125c.db'
Loading db file '/media/0/LogicLibraries/UMC/28nm/35uhd/udl/ulvt/latest/liberty/logic_synth/um28nchvlogl35udl140f_ffbc1p05v0c.db'
Loading db file '/media/0/LogicLibraries/UMC/28nm/35uhd/udl/ulvt/latest/liberty/logic_synth/um28nchvlogl35udl140f_ffbc1p05v125c.db'
Loading db file '/media/0/LogicLibraries/UMC/28nm/35uhd/udl/ulvt/latest/liberty/logic_synth/um28nchvlogl35udl140f_ffbc1p05vn40c.db'
Loading db file '/media/0/LogicLibraries/UMC/28nm/35uhd/udl/ulvt/latest/liberty/logic_synth/um28nchvlogl35udl140f_ffg1p05v125c.db'
Loading db file '/media/0/LogicLibraries/UMC/28nm/35uhd/udl/hvt/latest/liberty/logic_synth/um28nchhlogl35udl140f_tt1p0v125c.db'
Loading db file '/media/0/LogicLibraries/UMC/28nm/35uhd/udl/hvt/latest/liberty/logic_synth/um28nchhlogl35udl140f_tt1p0v25c.db'
Loading db file '/media/0/LogicLibraries/UMC/28nm/35uhd/udl/hvt/latest/liberty/logic_synth/um28nchhlogl35udl140f_tt1p0v85c.db'
Loading db file '/media/0/LogicLibraries/UMC/28nm/35uhd/udl/lvt/latest/liberty/logic_synth/um28nchllogl35udl140f_tt1p0v125c.db'
Loading db file '/media/0/LogicLibraries/UMC/28nm/35uhd/udl/lvt/latest/liberty/logic_synth/um28nchllogl35udl140f_tt1p0v25c.db'
Loading db file '/media/0/LogicLibraries/UMC/28nm/35uhd/udl/lvt/latest/liberty/logic_synth/um28nchllogl35udl140f_tt1p0v85c.db'
Loading db file '/media/0/LogicLibraries/UMC/28nm/35uhd/udl/svt/latest/liberty/logic_synth/um28nchslogl35udl140f_tt1p0v125c.db'
Loading db file '/media/0/LogicLibraries/UMC/28nm/35uhd/udl/svt/latest/liberty/logic_synth/um28nchslogl35udl140f_tt1p0v25c.db'
Loading db file '/media/0/LogicLibraries/UMC/28nm/35uhd/udl/svt/latest/liberty/logic_synth/um28nchslogl35udl140f_tt1p0v85c.db'
Loading db file '/media/0/LogicLibraries/UMC/28nm/35uhd/udl/uhvt/latest/liberty/logic_synth/um28nchulogl35udl140f_tt1p0v125c.db'
Loading db file '/media/0/LogicLibraries/UMC/28nm/35uhd/udl/uhvt/latest/liberty/logic_synth/um28nchulogl35udl140f_tt1p0v25c.db'
Loading db file '/media/0/LogicLibraries/UMC/28nm/35uhd/udl/uhvt/latest/liberty/logic_synth/um28nchulogl35udl140f_tt1p0v85c.db'
Loading db file '/media/0/LogicLibraries/UMC/28nm/35uhd/udl/ulvt/latest/liberty/logic_synth/um28nchvlogl35udl140f_tt1p0v125c.db'
Loading db file '/media/0/LogicLibraries/UMC/28nm/35uhd/udl/ulvt/latest/liberty/logic_synth/um28nchvlogl35udl140f_tt1p0v25c.db'
Loading db file '/media/0/LogicLibraries/UMC/28nm/35uhd/udl/ulvt/latest/liberty/logic_synth/um28nchvlogl35udl140f_tt1p0v85c.db'
Loading db file '/media/0/LogicLibraries/UMC/28nm/35uhd/udl/hvt/latest/liberty/logic_synth/um28nchhlogl35udl140f_ssgwc0p9v0c.db'
Loading db file '/media/0/LogicLibraries/UMC/28nm/35uhd/udl/hvt/latest/liberty/logic_synth/um28nchhlogl35udl140f_ssgwc0p9v125c.db'
Loading db file '/media/0/LogicLibraries/UMC/28nm/35uhd/udl/hvt/latest/liberty/logic_synth/um28nchhlogl35udl140f_ssgwc0p9vn40c.db'
Loading db file '/media/0/LogicLibraries/UMC/28nm/35uhd/udl/lvt/latest/liberty/logic_synth/um28nchllogl35udl140f_ssgwc0p9v0c.db'
Loading db file '/media/0/LogicLibraries/UMC/28nm/35uhd/udl/lvt/latest/liberty/logic_synth/um28nchllogl35udl140f_ssgwc0p9v125c.db'
Loading db file '/media/0/LogicLibraries/UMC/28nm/35uhd/udl/lvt/latest/liberty/logic_synth/um28nchllogl35udl140f_ssgwc0p9vn40c.db'
Loading db file '/media/0/LogicLibraries/UMC/28nm/35uhd/udl/svt/latest/liberty/logic_synth/um28nchslogl35udl140f_ssgwc0p9v0c.db'
Loading db file '/media/0/LogicLibraries/UMC/28nm/35uhd/udl/svt/latest/liberty/logic_synth/um28nchslogl35udl140f_ssgwc0p9v125c.db'
Loading db file '/media/0/LogicLibraries/UMC/28nm/35uhd/udl/svt/latest/liberty/logic_synth/um28nchslogl35udl140f_ssgwc0p9vn40c.db'
Loading db file '/media/0/LogicLibraries/UMC/28nm/35uhd/udl/uhvt/latest/liberty/logic_synth/um28nchulogl35udl140f_ssgwc0p9v0c.db'
Loading db file '/media/0/LogicLibraries/UMC/28nm/35uhd/udl/uhvt/latest/liberty/logic_synth/um28nchulogl35udl140f_ssgwc0p9v125c.db'
Loading db file '/media/0/LogicLibraries/UMC/28nm/35uhd/udl/uhvt/latest/liberty/logic_synth/um28nchulogl35udl140f_ssgwc0p9vn40c.db'
Loading db file '/media/0/LogicLibraries/UMC/28nm/35uhd/udl/ulvt/latest/liberty/logic_synth/um28nchvlogl35udl140f_ssgwc0p9v0c.db'
Loading db file '/media/0/LogicLibraries/UMC/28nm/35uhd/udl/ulvt/latest/liberty/logic_synth/um28nchvlogl35udl140f_ssgwc0p9v125c.db'
Loading db file '/media/0/LogicLibraries/UMC/28nm/35uhd/udl/ulvt/latest/liberty/logic_synth/um28nchvlogl35udl140f_ssgwc0p9vn40c.db'
Loading db file '/usr/synopsys/syn/Q-2019.12-SP5-5/libraries/syn/gtech.db'
Loading db file '/usr/synopsys/syn/Q-2019.12-SP5-5/libraries/syn/standard.sldb'
  Loading link library 'um28nchhlogl35udl140f_ffbc1p05v0c'
  Loading link library 'um28nchhlogl35udl140f_ffbc1p05v125c'
  Loading link library 'um28nchhlogl35udl140f_ffbc1p05vn40c'
  Loading link library 'um28nchhlogl35udl140f_ffg1p05v125c'
  Loading link library 'um28nchllogl35udl140f_ffbc1p05v0c'
  Loading link library 'um28nchllogl35udl140f_ffbc1p05v125c'
  Loading link library 'um28nchllogl35udl140f_ffbc1p05vn40c'
  Loading link library 'um28nchllogl35udl140f_ffg1p05v125c'
  Loading link library 'um28nchslogl35udl140f_ffbc1p05v0c'
  Loading link library 'um28nchslogl35udl140f_ffbc1p05v125c'
  Loading link library 'um28nchslogl35udl140f_ffbc1p05vn40c'
  Loading link library 'um28nchslogl35udl140f_ffg1p05v125c'
  Loading link library 'um28nchulogl35udl140f_ffbc1p05v0c'
  Loading link library 'um28nchulogl35udl140f_ffbc1p05v125c'
  Loading link library 'um28nchulogl35udl140f_ffbc1p05vn40c'
  Loading link library 'um28nchulogl35udl140f_ffg1p05v125c'
  Loading link library 'um28nchvlogl35udl140f_ffbc1p05v0c'
  Loading link library 'um28nchvlogl35udl140f_ffbc1p05v125c'
  Loading link library 'um28nchvlogl35udl140f_ffbc1p05vn40c'
  Loading link library 'um28nchvlogl35udl140f_ffg1p05v125c'
  Loading link library 'um28nchhlogl35udl140f_tt1p0v125c'
  Loading link library 'um28nchhlogl35udl140f_tt1p0v25c'
  Loading link library 'um28nchhlogl35udl140f_tt1p0v85c'
  Loading link library 'um28nchllogl35udl140f_tt1p0v125c'
  Loading link library 'um28nchllogl35udl140f_tt1p0v25c'
  Loading link library 'um28nchllogl35udl140f_tt1p0v85c'
  Loading link library 'um28nchslogl35udl140f_tt1p0v125c'
  Loading link library 'um28nchslogl35udl140f_tt1p0v25c'
  Loading link library 'um28nchslogl35udl140f_tt1p0v85c'
  Loading link library 'um28nchulogl35udl140f_tt1p0v125c'
  Loading link library 'um28nchulogl35udl140f_tt1p0v25c'
  Loading link library 'um28nchulogl35udl140f_tt1p0v85c'
  Loading link library 'um28nchvlogl35udl140f_tt1p0v125c'
  Loading link library 'um28nchvlogl35udl140f_tt1p0v25c'
  Loading link library 'um28nchvlogl35udl140f_tt1p0v85c'
  Loading link library 'um28nchhlogl35udl140f_ssgwc0p9v0c'
  Loading link library 'um28nchhlogl35udl140f_ssgwc0p9v125c'
  Loading link library 'um28nchhlogl35udl140f_ssgwc0p9vn40c'
  Loading link library 'um28nchllogl35udl140f_ssgwc0p9v0c'
  Loading link library 'um28nchllogl35udl140f_ssgwc0p9v125c'
  Loading link library 'um28nchllogl35udl140f_ssgwc0p9vn40c'
  Loading link library 'um28nchslogl35udl140f_ssgwc0p9v0c'
  Loading link library 'um28nchslogl35udl140f_ssgwc0p9v125c'
  Loading link library 'um28nchslogl35udl140f_ssgwc0p9vn40c'
  Loading link library 'um28nchulogl35udl140f_ssgwc0p9v0c'
  Loading link library 'um28nchulogl35udl140f_ssgwc0p9v125c'
  Loading link library 'um28nchulogl35udl140f_ssgwc0p9vn40c'
  Loading link library 'um28nchvlogl35udl140f_ssgwc0p9v0c'
  Loading link library 'um28nchvlogl35udl140f_ssgwc0p9v125c'
  Loading link library 'um28nchvlogl35udl140f_ssgwc0p9vn40c'
  Loading link library 'gtech'
Running PRESTO HDLC

Inferred memory devices in process
	in routine ADDER line 13 in file
		'/home/lhm7198/synth/rtl/adder.sv'.
===============================================================================
|    Register Name    |   Type    | Width | Bus | MB | AR | AS | SR | SS | ST |
===============================================================================
|      reg_c_reg      | Flip-flop |   1   |  N  | N  | Y  | N  | N  | N  | N  |
===============================================================================
Presto compilation completed successfully. (ADDER)
Elaborated 1 design.
Current design is now 'ADDER'.
Autoread command completed successfully.

  Linking design 'ADDER'
  Using the following designs and libraries:
  --------------------------------------------------------------------------
  ADDER                       /home/lhm7198/synth/syn/output/ADDER.db
  um28nchhlogl35udl140f_ffbc1p05v0c (library) /media/0/LogicLibraries/UMC/28nm/35uhd/udl/hvt/latest/liberty/logic_synth/um28nchhlogl35udl140f_ffbc1p05v0c.db
  um28nchhlogl35udl140f_ffbc1p05v125c (library) /media/0/LogicLibraries/UMC/28nm/35uhd/udl/hvt/latest/liberty/logic_synth/um28nchhlogl35udl140f_ffbc1p05v125c.db
  um28nchhlogl35udl140f_ffbc1p05vn40c (library) /media/0/LogicLibraries/UMC/28nm/35uhd/udl/hvt/latest/liberty/logic_synth/um28nchhlogl35udl140f_ffbc1p05vn40c.db
  um28nchhlogl35udl140f_ffg1p05v125c (library) /media/0/LogicLibraries/UMC/28nm/35uhd/udl/hvt/latest/liberty/logic_synth/um28nchhlogl35udl140f_ffg1p05v125c.db
  um28nchllogl35udl140f_ffbc1p05v0c (library) /media/0/LogicLibraries/UMC/28nm/35uhd/udl/lvt/latest/liberty/logic_synth/um28nchllogl35udl140f_ffbc1p05v0c.db
  um28nchllogl35udl140f_ffbc1p05v125c (library) /media/0/LogicLibraries/UMC/28nm/35uhd/udl/lvt/latest/liberty/logic_synth/um28nchllogl35udl140f_ffbc1p05v125c.db
  um28nchllogl35udl140f_ffbc1p05vn40c (library) /media/0/LogicLibraries/UMC/28nm/35uhd/udl/lvt/latest/liberty/logic_synth/um28nchllogl35udl140f_ffbc1p05vn40c.db
  um28nchllogl35udl140f_ffg1p05v125c (library) /media/0/LogicLibraries/UMC/28nm/35uhd/udl/lvt/latest/liberty/logic_synth/um28nchllogl35udl140f_ffg1p05v125c.db
  um28nchslogl35udl140f_ffbc1p05v0c (library) /media/0/LogicLibraries/UMC/28nm/35uhd/udl/svt/latest/liberty/logic_synth/um28nchslogl35udl140f_ffbc1p05v0c.db
  um28nchslogl35udl140f_ffbc1p05v125c (library) /media/0/LogicLibraries/UMC/28nm/35uhd/udl/svt/latest/liberty/logic_synth/um28nchslogl35udl140f_ffbc1p05v125c.db
  um28nchslogl35udl140f_ffbc1p05vn40c (library) /media/0/LogicLibraries/UMC/28nm/35uhd/udl/svt/latest/liberty/logic_synth/um28nchslogl35udl140f_ffbc1p05vn40c.db
  um28nchslogl35udl140f_ffg1p05v125c (library) /media/0/LogicLibraries/UMC/28nm/35uhd/udl/svt/latest/liberty/logic_synth/um28nchslogl35udl140f_ffg1p05v125c.db
  um28nchulogl35udl140f_ffbc1p05v0c (library) /media/0/LogicLibraries/UMC/28nm/35uhd/udl/uhvt/latest/liberty/logic_synth/um28nchulogl35udl140f_ffbc1p05v0c.db
  um28nchulogl35udl140f_ffbc1p05v125c (library) /media/0/LogicLibraries/UMC/28nm/35uhd/udl/uhvt/latest/liberty/logic_synth/um28nchulogl35udl140f_ffbc1p05v125c.db
  um28nchulogl35udl140f_ffbc1p05vn40c (library) /media/0/LogicLibraries/UMC/28nm/35uhd/udl/uhvt/latest/liberty/logic_synth/um28nchulogl35udl140f_ffbc1p05vn40c.db
  um28nchulogl35udl140f_ffg1p05v125c (library) /media/0/LogicLibraries/UMC/28nm/35uhd/udl/uhvt/latest/liberty/logic_synth/um28nchulogl35udl140f_ffg1p05v125c.db
  um28nchvlogl35udl140f_ffbc1p05v0c (library) /media/0/LogicLibraries/UMC/28nm/35uhd/udl/ulvt/latest/liberty/logic_synth/um28nchvlogl35udl140f_ffbc1p05v0c.db
  um28nchvlogl35udl140f_ffbc1p05v125c (library) /media/0/LogicLibraries/UMC/28nm/35uhd/udl/ulvt/latest/liberty/logic_synth/um28nchvlogl35udl140f_ffbc1p05v125c.db
  um28nchvlogl35udl140f_ffbc1p05vn40c (library) /media/0/LogicLibraries/UMC/28nm/35uhd/udl/ulvt/latest/liberty/logic_synth/um28nchvlogl35udl140f_ffbc1p05vn40c.db
  um28nchvlogl35udl140f_ffg1p05v125c (library) /media/0/LogicLibraries/UMC/28nm/35uhd/udl/ulvt/latest/liberty/logic_synth/um28nchvlogl35udl140f_ffg1p05v125c.db
  um28nchhlogl35udl140f_tt1p0v125c (library) /media/0/LogicLibraries/UMC/28nm/35uhd/udl/hvt/latest/liberty/logic_synth/um28nchhlogl35udl140f_tt1p0v125c.db
  um28nchhlogl35udl140f_tt1p0v25c (library) /media/0/LogicLibraries/UMC/28nm/35uhd/udl/hvt/latest/liberty/logic_synth/um28nchhlogl35udl140f_tt1p0v25c.db
  um28nchhlogl35udl140f_tt1p0v85c (library) /media/0/LogicLibraries/UMC/28nm/35uhd/udl/hvt/latest/liberty/logic_synth/um28nchhlogl35udl140f_tt1p0v85c.db
  um28nchllogl35udl140f_tt1p0v125c (library) /media/0/LogicLibraries/UMC/28nm/35uhd/udl/lvt/latest/liberty/logic_synth/um28nchllogl35udl140f_tt1p0v125c.db
  um28nchllogl35udl140f_tt1p0v25c (library) /media/0/LogicLibraries/UMC/28nm/35uhd/udl/lvt/latest/liberty/logic_synth/um28nchllogl35udl140f_tt1p0v25c.db
  um28nchllogl35udl140f_tt1p0v85c (library) /media/0/LogicLibraries/UMC/28nm/35uhd/udl/lvt/latest/liberty/logic_synth/um28nchllogl35udl140f_tt1p0v85c.db
  um28nchslogl35udl140f_tt1p0v125c (library) /media/0/LogicLibraries/UMC/28nm/35uhd/udl/svt/latest/liberty/logic_synth/um28nchslogl35udl140f_tt1p0v125c.db
  um28nchslogl35udl140f_tt1p0v25c (library) /media/0/LogicLibraries/UMC/28nm/35uhd/udl/svt/latest/liberty/logic_synth/um28nchslogl35udl140f_tt1p0v25c.db
  um28nchslogl35udl140f_tt1p0v85c (library) /media/0/LogicLibraries/UMC/28nm/35uhd/udl/svt/latest/liberty/logic_synth/um28nchslogl35udl140f_tt1p0v85c.db
  um28nchulogl35udl140f_tt1p0v125c (library) /media/0/LogicLibraries/UMC/28nm/35uhd/udl/uhvt/latest/liberty/logic_synth/um28nchulogl35udl140f_tt1p0v125c.db
  um28nchulogl35udl140f_tt1p0v25c (library) /media/0/LogicLibraries/UMC/28nm/35uhd/udl/uhvt/latest/liberty/logic_synth/um28nchulogl35udl140f_tt1p0v25c.db
  um28nchulogl35udl140f_tt1p0v85c (library) /media/0/LogicLibraries/UMC/28nm/35uhd/udl/uhvt/latest/liberty/logic_synth/um28nchulogl35udl140f_tt1p0v85c.db
  um28nchvlogl35udl140f_tt1p0v125c (library) /media/0/LogicLibraries/UMC/28nm/35uhd/udl/ulvt/latest/liberty/logic_synth/um28nchvlogl35udl140f_tt1p0v125c.db
  um28nchvlogl35udl140f_tt1p0v25c (library) /media/0/LogicLibraries/UMC/28nm/35uhd/udl/ulvt/latest/liberty/logic_synth/um28nchvlogl35udl140f_tt1p0v25c.db
  um28nchvlogl35udl140f_tt1p0v85c (library) /media/0/LogicLibraries/UMC/28nm/35uhd/udl/ulvt/latest/liberty/logic_synth/um28nchvlogl35udl140f_tt1p0v85c.db
  um28nchhlogl35udl140f_ssgwc0p9v0c (library) /media/0/LogicLibraries/UMC/28nm/35uhd/udl/hvt/latest/liberty/logic_synth/um28nchhlogl35udl140f_ssgwc0p9v0c.db
  um28nchhlogl35udl140f_ssgwc0p9v125c (library) /media/0/LogicLibraries/UMC/28nm/35uhd/udl/hvt/latest/liberty/logic_synth/um28nchhlogl35udl140f_ssgwc0p9v125c.db
  um28nchhlogl35udl140f_ssgwc0p9vn40c (library) /media/0/LogicLibraries/UMC/28nm/35uhd/udl/hvt/latest/liberty/logic_synth/um28nchhlogl35udl140f_ssgwc0p9vn40c.db
  um28nchllogl35udl140f_ssgwc0p9v0c (library) /media/0/LogicLibraries/UMC/28nm/35uhd/udl/lvt/latest/liberty/logic_synth/um28nchllogl35udl140f_ssgwc0p9v0c.db
  um28nchllogl35udl140f_ssgwc0p9v125c (library) /media/0/LogicLibraries/UMC/28nm/35uhd/udl/lvt/latest/liberty/logic_synth/um28nchllogl35udl140f_ssgwc0p9v125c.db
  um28nchllogl35udl140f_ssgwc0p9vn40c (library) /media/0/LogicLibraries/UMC/28nm/35uhd/udl/lvt/latest/liberty/logic_synth/um28nchllogl35udl140f_ssgwc0p9vn40c.db
  um28nchslogl35udl140f_ssgwc0p9v0c (library) /media/0/LogicLibraries/UMC/28nm/35uhd/udl/svt/latest/liberty/logic_synth/um28nchslogl35udl140f_ssgwc0p9v0c.db
  um28nchslogl35udl140f_ssgwc0p9v125c (library) /media/0/LogicLibraries/UMC/28nm/35uhd/udl/svt/latest/liberty/logic_synth/um28nchslogl35udl140f_ssgwc0p9v125c.db
  um28nchslogl35udl140f_ssgwc0p9vn40c (library) /media/0/LogicLibraries/UMC/28nm/35uhd/udl/svt/latest/liberty/logic_synth/um28nchslogl35udl140f_ssgwc0p9vn40c.db
  um28nchulogl35udl140f_ssgwc0p9v0c (library) /media/0/LogicLibraries/UMC/28nm/35uhd/udl/uhvt/latest/liberty/logic_synth/um28nchulogl35udl140f_ssgwc0p9v0c.db
  um28nchulogl35udl140f_ssgwc0p9v125c (library) /media/0/LogicLibraries/UMC/28nm/35uhd/udl/uhvt/latest/liberty/logic_synth/um28nchulogl35udl140f_ssgwc0p9v125c.db
  um28nchulogl35udl140f_ssgwc0p9vn40c (library) /media/0/LogicLibraries/UMC/28nm/35uhd/udl/uhvt/latest/liberty/logic_synth/um28nchulogl35udl140f_ssgwc0p9vn40c.db
  um28nchvlogl35udl140f_ssgwc0p9v0c (library) /media/0/LogicLibraries/UMC/28nm/35uhd/udl/ulvt/latest/liberty/logic_synth/um28nchvlogl35udl140f_ssgwc0p9v0c.db
  um28nchvlogl35udl140f_ssgwc0p9v125c (library) /media/0/LogicLibraries/UMC/28nm/35uhd/udl/ulvt/latest/liberty/logic_synth/um28nchvlogl35udl140f_ssgwc0p9v125c.db
  um28nchvlogl35udl140f_ssgwc0p9vn40c (library) /media/0/LogicLibraries/UMC/28nm/35uhd/udl/ulvt/latest/liberty/logic_synth/um28nchvlogl35udl140f_ssgwc0p9vn40c.db

Loading db file '/usr/synopsys/syn/Q-2019.12-SP5-5/libraries/syn/dw_foundation.sldb'
Warning: DesignWare synthetic library dw_foundation.sldb is added to the synthetic_library in the current command. (UISN-40)
Information: Performing power optimization. (PWR-850)
Analyzing: "/media/0/LogicLibraries/UMC/28nm/35uhd/udl/hvt/latest/liberty/logic_synth/um28nchhlogl35udl140f_ssgwc0p9v0c.db"
Analyzing: "/media/0/LogicLibraries/UMC/28nm/35uhd/udl/hvt/latest/liberty/logic_synth/um28nchhlogl35udl140f_ssgwc0p9v125c.db"
Analyzing: "/media/0/LogicLibraries/UMC/28nm/35uhd/udl/hvt/latest/liberty/logic_synth/um28nchhlogl35udl140f_ssgwc0p9vn40c.db"
Analyzing: "/media/0/LogicLibraries/UMC/28nm/35uhd/udl/lvt/latest/liberty/logic_synth/um28nchllogl35udl140f_ssgwc0p9v0c.db"
Analyzing: "/media/0/LogicLibraries/UMC/28nm/35uhd/udl/lvt/latest/liberty/logic_synth/um28nchllogl35udl140f_ssgwc0p9v125c.db"
Analyzing: "/media/0/LogicLibraries/UMC/28nm/35uhd/udl/lvt/latest/liberty/logic_synth/um28nchllogl35udl140f_ssgwc0p9vn40c.db"
Analyzing: "/media/0/LogicLibraries/UMC/28nm/35uhd/udl/svt/latest/liberty/logic_synth/um28nchslogl35udl140f_ssgwc0p9v0c.db"
Analyzing: "/media/0/LogicLibraries/UMC/28nm/35uhd/udl/svt/latest/liberty/logic_synth/um28nchslogl35udl140f_ssgwc0p9v125c.db"
Analyzing: "/media/0/LogicLibraries/UMC/28nm/35uhd/udl/svt/latest/liberty/logic_synth/um28nchslogl35udl140f_ssgwc0p9vn40c.db"
Analyzing: "/media/0/LogicLibraries/UMC/28nm/35uhd/udl/uhvt/latest/liberty/logic_synth/um28nchulogl35udl140f_ssgwc0p9v0c.db"
Analyzing: "/media/0/LogicLibraries/UMC/28nm/35uhd/udl/uhvt/latest/liberty/logic_synth/um28nchulogl35udl140f_ssgwc0p9v125c.db"
Analyzing: "/media/0/LogicLibraries/UMC/28nm/35uhd/udl/uhvt/latest/liberty/logic_synth/um28nchulogl35udl140f_ssgwc0p9vn40c.db"
Analyzing: "/media/0/LogicLibraries/UMC/28nm/35uhd/udl/ulvt/latest/liberty/logic_synth/um28nchvlogl35udl140f_ssgwc0p9v0c.db"
Analyzing: "/media/0/LogicLibraries/UMC/28nm/35uhd/udl/ulvt/latest/liberty/logic_synth/um28nchvlogl35udl140f_ssgwc0p9v125c.db"
Analyzing: "/media/0/LogicLibraries/UMC/28nm/35uhd/udl/ulvt/latest/liberty/logic_synth/um28nchvlogl35udl140f_ssgwc0p9vn40c.db"
Library analysis succeeded.
Information: Evaluating DesignWare library utilization. (UISN-27)

============================================================================
| DesignWare Building Block Library  |         Version         | Available |
============================================================================
| Basic DW Building Blocks           | Q-2019.12-DWBB_201912.5 |     *     |
| Licensed DW Building Blocks        | Q-2019.12-DWBB_201912.5 |     *     |
============================================================================

Information: Sequential output inversion is enabled.  SVF file must be used for formal verification. (OPT-1208)

Information: There are 13 potential problems in your design. Please run 'check_design' for more information. (LINT-99)

  Simplifying Design 'ADDER'

  Loading target library 'um28nchhlogl35udl140f_ssgwc0p9v125c'
  Loading target library 'um28nchhlogl35udl140f_ssgwc0p9vn40c'
  Loading target library 'um28nchllogl35udl140f_ssgwc0p9v125c'
  Loading target library 'um28nchllogl35udl140f_ssgwc0p9vn40c'
  Loading target library 'um28nchslogl35udl140f_ssgwc0p9v125c'
  Loading target library 'um28nchslogl35udl140f_ssgwc0p9vn40c'
  Loading target library 'um28nchulogl35udl140f_ssgwc0p9v125c'
  Loading target library 'um28nchulogl35udl140f_ssgwc0p9vn40c'
  Loading target library 'um28nchvlogl35udl140f_ssgwc0p9v125c'
  Loading target library 'um28nchvlogl35udl140f_ssgwc0p9vn40c'
Loaded alib file './alib-52/um28nchhlogl35udl140f_ssgwc0p9v0c.db.alib'
Loaded alib file './alib-52/um28nchhlogl35udl140f_ssgwc0p9v125c.db.alib'
Loaded alib file './alib-52/um28nchhlogl35udl140f_ssgwc0p9vn40c.db.alib'
Loaded alib file './alib-52/um28nchllogl35udl140f_ssgwc0p9v0c.db.alib' (placeholder)
Loaded alib file './alib-52/um28nchllogl35udl140f_ssgwc0p9v125c.db.alib' (placeholder)
Loaded alib file './alib-52/um28nchllogl35udl140f_ssgwc0p9vn40c.db.alib' (placeholder)
Loaded alib file './alib-52/um28nchslogl35udl140f_ssgwc0p9v0c.db.alib' (placeholder)
Loaded alib file './alib-52/um28nchslogl35udl140f_ssgwc0p9v125c.db.alib' (placeholder)
Loaded alib file './alib-52/um28nchslogl35udl140f_ssgwc0p9vn40c.db.alib' (placeholder)
Loaded alib file './alib-52/um28nchulogl35udl140f_ssgwc0p9v0c.db.alib' (placeholder)
Loaded alib file './alib-52/um28nchulogl35udl140f_ssgwc0p9v125c.db.alib' (placeholder)
Loaded alib file './alib-52/um28nchulogl35udl140f_ssgwc0p9vn40c.db.alib' (placeholder)
Loaded alib file './alib-52/um28nchvlogl35udl140f_ssgwc0p9v0c.db.alib' (placeholder)
Loaded alib file './alib-52/um28nchvlogl35udl140f_ssgwc0p9v125c.db.alib' (placeholder)
Loaded alib file './alib-52/um28nchvlogl35udl140f_ssgwc0p9vn40c.db.alib' (placeholder)
Warning: Operating condition SSGWC0P9V0C set on design ADDER has different process,
voltage and temperatures parameters than the parameters at which target library 
um28nchhlogl35udl140f_ssgwc0p9v125c is characterized. Delays may be inaccurate as a result. (OPT-998)
  Building model 'DW01_NAND2'
Information: Ungrouping 0 of 1 hierarchies before Pass 1 (OPT-775)
Information: State dependent leakage is now switched from on to off.

  Beginning Pass 1 Mapping
  ------------------------
  Processing 'ADDER'

  Updating timing information
Information: Updating design information... (UID-85)
Information: The library cell 'SVM_TIE1_1' in the library 'um28nchhlogl35udl140f_ssgwc0p9v0c' is not characterized for internal power. (PWR-536)
Information: The library cell 'SVM_TIE0_1' in the library 'um28nchhlogl35udl140f_ssgwc0p9v0c' is not characterized for internal power. (PWR-536)
Information: The library cell 'SVQ_TIE1_1' in the library 'um28nchllogl35udl140f_ssgwc0p9v0c' is not characterized for internal power. (PWR-536)
Information: The library cell 'SVQ_TIE0_1' in the library 'um28nchllogl35udl140f_ssgwc0p9v0c' is not characterized for internal power. (PWR-536)
Information: The library cell 'SVP_TIE1_1' in the library 'um28nchslogl35udl140f_ssgwc0p9v0c' is not characterized for internal power. (PWR-536)
Information: The library cell 'SVP_TIE0_1' in the library 'um28nchslogl35udl140f_ssgwc0p9v0c' is not characterized for internal power. (PWR-536)
Information: The library cell 'SVC_TIE1_1' in the library 'um28nchulogl35udl140f_ssgwc0p9v0c' is not characterized for internal power. (PWR-536)
Information: The library cell 'SVC_TIE0_1' in the library 'um28nchulogl35udl140f_ssgwc0p9v0c' is not characterized for internal power. (PWR-536)
Information: The library cell 'SVR_TIE1_1' in the library 'um28nchvlogl35udl140f_ssgwc0p9v0c' is not characterized for internal power. (PWR-536)
Information: The library cell 'SVR_TIE0_1' in the library 'um28nchvlogl35udl140f_ssgwc0p9v0c' is not characterized for internal power. (PWR-536)
Information: The target library(s) contains cell(s), other than black boxes, that are not characterized for internal power. (PWR-24)

Threshold voltage group cell usage:
>> HVT35 100.00%, LVT35 0.00%, SVT35 0.00%, UHVT35 0.00%, ULVT35 0.00%

  Beginning Mapping Optimizations  (Ultra High effort)
  -------------------------------
Information: There is no timing violation in design ADDER. Delay-based auto_ungroup will not be performed. (OPT-780)

                                  TOTAL                                                
   ELAPSED            WORST NEG   SETUP    DESIGN                              LEAKAGE 
    TIME      AREA      SLACK     COST    RULE COST         ENDPOINT            POWER  
  --------- --------- --------- --------- --------- ------------------------- ---------
    0:02:45       3.0      0.00       0.0       0.0                              0.1048
    0:02:45       3.0      0.00       0.0       0.0                              0.1048

Threshold voltage group cell usage:
>> HVT35 66.67%, LVT35 0.00%, SVT35 0.00%, UHVT35 33.33%, ULVT35 0.00%

  Beginning Constant Register Removal
  -----------------------------------
    0:02:45       3.0      0.00       0.0       0.0                              0.1048
    0:02:45       3.0      0.00       0.0       0.0                              0.1048

Threshold voltage group cell usage:
>> HVT35 66.67%, LVT35 0.00%, SVT35 0.00%, UHVT35 33.33%, ULVT35 0.00%

  Beginning Global Optimizations
  ------------------------------
  Numerical Synthesis (Phase 1)
  Numerical Synthesis (Phase 2)
  Global Optimization (Phase 1)
  Global Optimization (Phase 2)
  Global Optimization (Phase 3)
  Global Optimization (Phase 4)
  Global Optimization (Phase 5)
  Global Optimization (Phase 6)
  Global Optimization (Phase 7)
  Global Optimization (Phase 8)
  Global Optimization (Phase 9)
  Global Optimization (Phase 10)
  Global Optimization (Phase 11)
  Global Optimization (Phase 12)
  Global Optimization (Phase 13)
  Global Optimization (Phase 14)
  Global Optimization (Phase 15)
  Global Optimization (Phase 16)
  Global Optimization (Phase 17)
  Global Optimization (Phase 18)
  Global Optimization (Phase 19)
  Global Optimization (Phase 20)
  Global Optimization (Phase 21)
  Global Optimization (Phase 22)
  Global Optimization (Phase 23)
  Global Optimization (Phase 24)
  Global Optimization (Phase 25)
  Global Optimization (Phase 26)
  Global Optimization (Phase 27)
  Global Optimization (Phase 28)

Threshold voltage group cell usage:
>> HVT35 66.67%, LVT35 0.00%, SVT35 0.00%, UHVT35 33.33%, ULVT35 0.00%

  Beginning Isolate Ports
  -----------------------

Threshold voltage group cell usage:
>> HVT35 66.67%, LVT35 0.00%, SVT35 0.00%, UHVT35 33.33%, ULVT35 0.00%

  Beginning Delay Optimization
  ----------------------------
    0:02:46       2.8      0.00       0.0       0.0                              0.1066
    0:02:46       2.8      0.00       0.0       0.0                              0.1066
    0:02:46       2.8      0.00       0.0       0.0                              0.1066
    0:02:46       2.8      0.00       0.0       0.0                              0.1066

Threshold voltage group cell usage:
>> HVT35 66.67%, LVT35 0.00%, SVT35 0.00%, UHVT35 33.33%, ULVT35 0.00%
    0:02:46       2.5      0.00       0.0       0.0                              0.0828
    0:02:46       2.5      0.00       0.0       0.0                              0.0828

  Beginning WLM Backend Optimization
  --------------------------------------

Threshold voltage group cell usage:
>> HVT35 66.67%, LVT35 0.00%, SVT35 0.00%, UHVT35 0.00%, ULVT35 33.33%

  Beginning Delay Optimization HSVT Pass
  --------------------------------------
    0:03:07       2.8      0.00       0.0       0.0                              0.0976
    0:03:07       2.8      0.00       0.0       0.0                              0.0976
    0:03:07       2.8      0.00       0.0       0.0                              0.0976
    0:03:07       2.8      0.00       0.0       0.0                              0.0976
    0:03:16       2.8      0.00       0.0       0.0                              0.0976
    0:03:16       2.8      0.00       0.0       0.0                              0.0976
    0:03:16       2.8      0.00       0.0       0.0                              0.0976
    0:03:16       2.8      0.00       0.0       0.0                              0.0976
    0:03:27       2.8      0.00       0.0       0.0                              0.0976
    0:03:27       2.8      0.00       0.0       0.0                              0.0976
    0:03:27       2.8      0.00       0.0       0.0                              0.0976
    0:03:27       2.8      0.00       0.0       0.0                              0.0976
    0:03:40       2.8      0.00       0.0       0.0                              0.0976
    0:03:40       2.8      0.00       0.0       0.0                              0.0976
    0:03:40       2.8      0.00       0.0       0.0                              0.0976
    0:03:41       2.8      0.00       0.0       0.0                              0.0976
    0:03:41       2.8      0.00       0.0       0.0                              0.0976
    0:03:41       2.8      0.00       0.0       0.0                              0.0976
    0:03:41       2.8      0.00       0.0       0.0                              0.0976
    0:03:41       2.8      0.00       0.0       0.0                              0.0976
    0:03:41       2.8      0.00       0.0       0.0                              0.0976
    0:03:41       2.8      0.00       0.0       0.0                              0.0976
    0:03:41       2.8      0.00       0.0       0.0                              0.0976
    0:03:41       2.8      0.00       0.0       0.0                              0.0976
    0:03:41       2.8      0.00       0.0       0.0                              0.0976
    0:03:41       2.8      0.00       0.0       0.0                              0.0976

Threshold voltage group cell usage:
>> HVT35 66.67%, LVT35 0.00%, SVT35 0.00%, UHVT35 0.00%, ULVT35 33.33%

  Beginning Delay Optimization
  ----------------------------
    0:03:41       2.8      0.00       0.0       0.0                              0.0976
    0:03:41       2.8      0.00       0.0       0.0                              0.0976
    0:03:41       2.8      0.00       0.0       0.0                              0.0976
    0:03:41       2.8      0.00       0.0       0.0                              0.0976
    0:03:41       2.8      0.00       0.0       0.0                              0.0976
    0:03:41       2.8      0.00       0.0       0.0                              0.0976
    0:03:41       2.8      0.00       0.0       0.0                              0.0976
    0:03:41       2.8      0.00       0.0       0.0                              0.0976


  Beginning Design Rule Fixing  (min_capacitance)
  ----------------------------

                                  TOTAL                                                
   ELAPSED            WORST NEG   SETUP    DESIGN                              LEAKAGE 
    TIME      AREA      SLACK     COST    RULE COST         ENDPOINT            POWER  
  --------- --------- --------- --------- --------- ------------------------- ---------
    0:03:41       2.8      0.00       0.0       0.0                              0.0976
  Global Optimization (Phase 29)
  Global Optimization (Phase 30)
  Global Optimization (Phase 31)
    0:03:41       2.8      0.00       0.0       0.0                              0.0976
    0:03:41       2.8      0.00       0.0       0.0                              0.0976

Threshold voltage group cell usage:
>> HVT35 66.67%, LVT35 0.00%, SVT35 0.00%, UHVT35 0.00%, ULVT35 33.33%


  Beginning Leakage Power Optimization  (max_leakage_power 0)
  ------------------------------------

                                  TOTAL                                                
   ELAPSED            WORST NEG   SETUP    DESIGN                              LEAKAGE 
    TIME      AREA      SLACK     COST    RULE COST         ENDPOINT            POWER  
  --------- --------- --------- --------- --------- ------------------------- ---------
    0:03:41       2.8      0.00       0.0       0.0                              0.0976
  Global Optimization (Phase 32)
  Global Optimization (Phase 33)
  Global Optimization (Phase 34)
  Global Optimization (Phase 35)
  Global Optimization (Phase 36)
  Global Optimization (Phase 37)
  Global Optimization (Phase 38)
  Global Optimization (Phase 39)
  Global Optimization (Phase 40)
  Global Optimization (Phase 41)
  Global Optimization (Phase 42)
    0:03:42       2.8      0.00       0.0       0.0                              0.0946
    0:03:42       2.8      0.00       0.0       0.0                              0.0946
    0:03:42       2.8      0.00       0.0       0.0                              0.0946
    0:03:43       2.8      0.00       0.0       0.0                              0.0946
    0:03:43       2.8      0.00       0.0       0.0                              0.0946
    0:03:43       2.8      0.00       0.0       0.0                              0.0946
    0:03:43       2.8      0.00       0.0       0.0                              0.0946
    0:03:43       2.8      0.00       0.0       0.0                              0.0946
    0:03:43       2.8      0.00       0.0       0.0                              0.0946
    0:03:43       2.8      0.00       0.0       0.0                              0.0946
    0:03:43       2.8      0.00       0.0       0.0                              0.0946
    0:03:43       2.8      0.00       0.0       0.0                              0.0946
    0:03:43       2.8      0.00       0.0       0.0                              0.0946
    0:03:43       2.8      0.00       0.0       0.0                              0.0946
    0:03:43       2.8      0.00       0.0       0.0                              0.0946
    0:03:43       2.8      0.00       0.0       0.0                              0.0946
    0:03:43       2.8      0.00       0.0       0.0                              0.0946
    0:03:43       2.8      0.00       0.0       0.0                              0.0946
    0:03:43       2.8      0.00       0.0       0.0                              0.0946
    0:03:43       2.8      0.00       0.0       0.0                              0.0946
    0:03:43       2.8      0.00       0.0       0.0                              0.0946
    0:03:43       2.8      0.00       0.0       0.0                              0.0946

                                  TOTAL                                                
   ELAPSED            WORST NEG   SETUP    DESIGN                              LEAKAGE 
    TIME      AREA      SLACK     COST    RULE COST         ENDPOINT            POWER  
  --------- --------- --------- --------- --------- ------------------------- ---------
    0:03:43       2.8      0.00       0.0       0.0                              0.0946
    0:03:44       2.8      0.00       0.0       0.0                              0.0946
    0:03:45       2.8      0.00       0.0       0.0                              0.0946
    0:03:45       2.8      0.00       0.0       0.0                              0.0946
    0:03:46       2.8      0.00       0.0       0.0                              0.0946

Threshold voltage group cell usage:
>> HVT35 66.67%, LVT35 0.00%, SVT35 0.00%, UHVT35 0.00%, ULVT35 33.33%

  Beginning Delay Optimization HSVT Pass
  --------------------------------------
    0:03:53       2.8      0.00       0.0       0.0                              0.0946
    0:03:53       2.8      0.00       0.0       0.0                              0.0946
    0:03:53       2.8      0.00       0.0       0.0                              0.0946
    0:03:53       2.8      0.00       0.0       0.0                              0.0946
    0:04:02       2.8      0.00       0.0       0.0                              0.0946
    0:04:02       2.8      0.00       0.0       0.0                              0.0946
    0:04:02       2.8      0.00       0.0       0.0                              0.0946
    0:04:02       2.8      0.00       0.0       0.0                              0.0946
    0:04:13       2.8      0.00       0.0       0.0                              0.0946
    0:04:13       2.8      0.00       0.0       0.0                              0.0946
    0:04:13       2.8      0.00       0.0       0.0                              0.0946
    0:04:13       2.8      0.00       0.0       0.0                              0.0946
    0:04:27       2.8      0.00       0.0       0.0                              0.0946
    0:04:27       2.8      0.00       0.0       0.0                              0.0946
    0:04:27       2.8      0.00       0.0       0.0                              0.0946
    0:04:27       2.8      0.00       0.0       0.0                              0.0946
    0:04:27       2.8      0.00       0.0       0.0                              0.0946
    0:04:27       2.8      0.00       0.0       0.0                              0.0946
Loading db file '/media/0/LogicLibraries/UMC/28nm/35uhd/udl/hvt/latest/liberty/logic_synth/um28nchhlogl35udl140f_ffbc1p05v0c.db'
Loading db file '/media/0/LogicLibraries/UMC/28nm/35uhd/udl/hvt/latest/liberty/logic_synth/um28nchhlogl35udl140f_ffbc1p05v125c.db'
Loading db file '/media/0/LogicLibraries/UMC/28nm/35uhd/udl/hvt/latest/liberty/logic_synth/um28nchhlogl35udl140f_ffbc1p05vn40c.db'
Loading db file '/media/0/LogicLibraries/UMC/28nm/35uhd/udl/hvt/latest/liberty/logic_synth/um28nchhlogl35udl140f_ffg1p05v125c.db'
Loading db file '/media/0/LogicLibraries/UMC/28nm/35uhd/udl/lvt/latest/liberty/logic_synth/um28nchllogl35udl140f_ffbc1p05v0c.db'
Loading db file '/media/0/LogicLibraries/UMC/28nm/35uhd/udl/lvt/latest/liberty/logic_synth/um28nchllogl35udl140f_ffbc1p05v125c.db'
Loading db file '/media/0/LogicLibraries/UMC/28nm/35uhd/udl/lvt/latest/liberty/logic_synth/um28nchllogl35udl140f_ffbc1p05vn40c.db'
Loading db file '/media/0/LogicLibraries/UMC/28nm/35uhd/udl/lvt/latest/liberty/logic_synth/um28nchllogl35udl140f_ffg1p05v125c.db'
Loading db file '/media/0/LogicLibraries/UMC/28nm/35uhd/udl/svt/latest/liberty/logic_synth/um28nchslogl35udl140f_ffbc1p05v0c.db'
Loading db file '/media/0/LogicLibraries/UMC/28nm/35uhd/udl/svt/latest/liberty/logic_synth/um28nchslogl35udl140f_ffbc1p05v125c.db'
Loading db file '/media/0/LogicLibraries/UMC/28nm/35uhd/udl/svt/latest/liberty/logic_synth/um28nchslogl35udl140f_ffbc1p05vn40c.db'
Loading db file '/media/0/LogicLibraries/UMC/28nm/35uhd/udl/svt/latest/liberty/logic_synth/um28nchslogl35udl140f_ffg1p05v125c.db'
Loading db file '/media/0/LogicLibraries/UMC/28nm/35uhd/udl/uhvt/latest/liberty/logic_synth/um28nchulogl35udl140f_ffbc1p05v0c.db'
Loading db file '/media/0/LogicLibraries/UMC/28nm/35uhd/udl/uhvt/latest/liberty/logic_synth/um28nchulogl35udl140f_ffbc1p05v125c.db'
Loading db file '/media/0/LogicLibraries/UMC/28nm/35uhd/udl/uhvt/latest/liberty/logic_synth/um28nchulogl35udl140f_ffbc1p05vn40c.db'
Loading db file '/media/0/LogicLibraries/UMC/28nm/35uhd/udl/uhvt/latest/liberty/logic_synth/um28nchulogl35udl140f_ffg1p05v125c.db'
Loading db file '/media/0/LogicLibraries/UMC/28nm/35uhd/udl/ulvt/latest/liberty/logic_synth/um28nchvlogl35udl140f_ffbc1p05v0c.db'
Loading db file '/media/0/LogicLibraries/UMC/28nm/35uhd/udl/ulvt/latest/liberty/logic_synth/um28nchvlogl35udl140f_ffbc1p05v125c.db'
Loading db file '/media/0/LogicLibraries/UMC/28nm/35uhd/udl/ulvt/latest/liberty/logic_synth/um28nchvlogl35udl140f_ffbc1p05vn40c.db'
Loading db file '/media/0/LogicLibraries/UMC/28nm/35uhd/udl/ulvt/latest/liberty/logic_synth/um28nchvlogl35udl140f_ffg1p05v125c.db'
Loading db file '/media/0/LogicLibraries/UMC/28nm/35uhd/udl/hvt/latest/liberty/logic_synth/um28nchhlogl35udl140f_tt1p0v125c.db'
Loading db file '/media/0/LogicLibraries/UMC/28nm/35uhd/udl/hvt/latest/liberty/logic_synth/um28nchhlogl35udl140f_tt1p0v25c.db'
Loading db file '/media/0/LogicLibraries/UMC/28nm/35uhd/udl/hvt/latest/liberty/logic_synth/um28nchhlogl35udl140f_tt1p0v85c.db'
Loading db file '/media/0/LogicLibraries/UMC/28nm/35uhd/udl/lvt/latest/liberty/logic_synth/um28nchllogl35udl140f_tt1p0v125c.db'
Loading db file '/media/0/LogicLibraries/UMC/28nm/35uhd/udl/lvt/latest/liberty/logic_synth/um28nchllogl35udl140f_tt1p0v25c.db'
Loading db file '/media/0/LogicLibraries/UMC/28nm/35uhd/udl/lvt/latest/liberty/logic_synth/um28nchllogl35udl140f_tt1p0v85c.db'
Loading db file '/media/0/LogicLibraries/UMC/28nm/35uhd/udl/svt/latest/liberty/logic_synth/um28nchslogl35udl140f_tt1p0v125c.db'
Loading db file '/media/0/LogicLibraries/UMC/28nm/35uhd/udl/svt/latest/liberty/logic_synth/um28nchslogl35udl140f_tt1p0v25c.db'
Loading db file '/media/0/LogicLibraries/UMC/28nm/35uhd/udl/svt/latest/liberty/logic_synth/um28nchslogl35udl140f_tt1p0v85c.db'
Loading db file '/media/0/LogicLibraries/UMC/28nm/35uhd/udl/uhvt/latest/liberty/logic_synth/um28nchulogl35udl140f_tt1p0v125c.db'
Loading db file '/media/0/LogicLibraries/UMC/28nm/35uhd/udl/uhvt/latest/liberty/logic_synth/um28nchulogl35udl140f_tt1p0v25c.db'
Loading db file '/media/0/LogicLibraries/UMC/28nm/35uhd/udl/uhvt/latest/liberty/logic_synth/um28nchulogl35udl140f_tt1p0v85c.db'
Loading db file '/media/0/LogicLibraries/UMC/28nm/35uhd/udl/ulvt/latest/liberty/logic_synth/um28nchvlogl35udl140f_tt1p0v125c.db'
Loading db file '/media/0/LogicLibraries/UMC/28nm/35uhd/udl/ulvt/latest/liberty/logic_synth/um28nchvlogl35udl140f_tt1p0v25c.db'
Loading db file '/media/0/LogicLibraries/UMC/28nm/35uhd/udl/ulvt/latest/liberty/logic_synth/um28nchvlogl35udl140f_tt1p0v85c.db'
Loading db file '/media/0/LogicLibraries/UMC/28nm/35uhd/udl/hvt/latest/liberty/logic_synth/um28nchhlogl35udl140f_ssgwc0p9v0c.db'
Loading db file '/media/0/LogicLibraries/UMC/28nm/35uhd/udl/lvt/latest/liberty/logic_synth/um28nchllogl35udl140f_ssgwc0p9v0c.db'
Loading db file '/media/0/LogicLibraries/UMC/28nm/35uhd/udl/svt/latest/liberty/logic_synth/um28nchslogl35udl140f_ssgwc0p9v0c.db'
Loading db file '/media/0/LogicLibraries/UMC/28nm/35uhd/udl/uhvt/latest/liberty/logic_synth/um28nchulogl35udl140f_ssgwc0p9v0c.db'
Loading db file '/media/0/LogicLibraries/UMC/28nm/35uhd/udl/ulvt/latest/liberty/logic_synth/um28nchvlogl35udl140f_ssgwc0p9v0c.db'
Loading db file '/media/0/LogicLibraries/UMC/28nm/35uhd/udl/hvt/latest/liberty/logic_synth/um28nchhlogl35udl140f_ssgwc0p9v125c.db'
Loading db file '/media/0/LogicLibraries/UMC/28nm/35uhd/udl/hvt/latest/liberty/logic_synth/um28nchhlogl35udl140f_ssgwc0p9vn40c.db'
Loading db file '/media/0/LogicLibraries/UMC/28nm/35uhd/udl/lvt/latest/liberty/logic_synth/um28nchllogl35udl140f_ssgwc0p9v125c.db'
Loading db file '/media/0/LogicLibraries/UMC/28nm/35uhd/udl/lvt/latest/liberty/logic_synth/um28nchllogl35udl140f_ssgwc0p9vn40c.db'
Loading db file '/media/0/LogicLibraries/UMC/28nm/35uhd/udl/svt/latest/liberty/logic_synth/um28nchslogl35udl140f_ssgwc0p9v125c.db'
Loading db file '/media/0/LogicLibraries/UMC/28nm/35uhd/udl/svt/latest/liberty/logic_synth/um28nchslogl35udl140f_ssgwc0p9vn40c.db'
Loading db file '/media/0/LogicLibraries/UMC/28nm/35uhd/udl/uhvt/latest/liberty/logic_synth/um28nchulogl35udl140f_ssgwc0p9v125c.db'
Loading db file '/media/0/LogicLibraries/UMC/28nm/35uhd/udl/uhvt/latest/liberty/logic_synth/um28nchulogl35udl140f_ssgwc0p9vn40c.db'
Loading db file '/media/0/LogicLibraries/UMC/28nm/35uhd/udl/ulvt/latest/liberty/logic_synth/um28nchvlogl35udl140f_ssgwc0p9v125c.db'
Loading db file '/media/0/LogicLibraries/UMC/28nm/35uhd/udl/ulvt/latest/liberty/logic_synth/um28nchvlogl35udl140f_ssgwc0p9vn40c.db'


Note: Symbol # after min delay cost means estimated hold TNS across all active scenarios 


  Optimization Complete
  ---------------------
  Loading target library 'um28nchhlogl35udl140f_ssgwc0p9v125c'
  Loading target library 'um28nchhlogl35udl140f_ssgwc0p9vn40c'
  Loading target library 'um28nchllogl35udl140f_ssgwc0p9v125c'
  Loading target library 'um28nchllogl35udl140f_ssgwc0p9vn40c'
  Loading target library 'um28nchslogl35udl140f_ssgwc0p9v125c'
  Loading target library 'um28nchslogl35udl140f_ssgwc0p9vn40c'
  Loading target library 'um28nchulogl35udl140f_ssgwc0p9v125c'
  Loading target library 'um28nchulogl35udl140f_ssgwc0p9vn40c'
  Loading target library 'um28nchvlogl35udl140f_ssgwc0p9v125c'
  Loading target library 'um28nchvlogl35udl140f_ssgwc0p9vn40c'
Information: State dependent leakage is now switched from off to on.
Information: Propagating switching activity (low effort zero delay simulation). (PWR-6)
Writing ddc file 'ADDER.ddc'.
Writing verilog file '/home/lhm7198/synth/syn/output/ADDER.netlist.v'.
Warning: Verilog 'assign' or 'tran' statements are written out. (VO-4)

Memory usage for this session 12286 Mbytes.
Memory usage for this session including child processes 12286 Mbytes.
CPU usage for this session 1875 seconds ( 0.52 hours ).
Elapsed time for this session 1919 seconds ( 0.53 hours ).

Thank you...
